[6-Feb-2009 12:35:09]	[2]	admin	pun_admin_log_administrator_settings	o_pun_admin_log_write_file has been disabled.
[6-Feb-2009 12:35:09]	[2]	admin	pun_admin_log_administrator_settings	o_pun_admin_log_write_db has been disabled.
[6-Feb-2009 12:35:09]	[2]	admin	pun_admin_log_administrator_settings	p_message_bbcode has been disabled.
[6-Feb-2009 12:35:09]	[2]	admin	pun_admin_log_administrator_settings	p_message_img_tag has been disabled.
[6-Feb-2009 12:35:09]	[2]	admin	pun_admin_log_administrator_settings	o_smilies has been disabled.
[6-Feb-2009 12:35:09]	[2]	admin	pun_admin_log_administrator_settings	o_smilies has been disabled.
[6-Feb-2009 12:35:09]	[2]	admin	pun_admin_log_administrator_settings	p_message_all_caps has been disabled.
[6-Feb-2009 12:35:09]	[2]	admin	pun_admin_log_administrator_settings	p_subject_all_caps has been disabled.
[6-Feb-2009 14:25:21]	[2]	admin	pun admin log administrator settings	o_search_all_forums has been disabled.
[6-Feb-2009 14:25:21]	[2]	admin	pun admin log administrator settings	o_ranks has been disabled.
[6-Feb-2009 14:25:21]	[2]	admin	pun admin log administrator settings	o_censoring has been disabled.
[6-Feb-2009 14:25:21]	[2]	admin	pun admin log administrator settings	o_quickjump has been disabled.
[6-Feb-2009 14:25:21]	[2]	admin	pun admin log administrator settings	o_show_version has been disabled.
[6-Feb-2009 14:25:21]	[2]	admin	pun admin log administrator settings	o_users_online has been disabled.
[6-Feb-2009 14:25:31]	[2]	admin	pun admin log administrator settings	o_search_all_forums has been enabled.
[6-Feb-2009 14:25:31]	[2]	admin	pun admin log administrator settings	o_ranks has been enabled.
[6-Feb-2009 14:25:31]	[2]	admin	pun admin log administrator settings	o_censoring has been enabled.
[6-Feb-2009 14:25:31]	[2]	admin	pun admin log administrator settings	o_quickjump has been enabled.
[6-Feb-2009 14:25:31]	[2]	admin	pun admin log administrator settings	o_show_version has been enabled.
[6-Feb-2009 14:25:31]	[2]	admin	pun admin log administrator settings	o_users_online has been enabled.
[6-Feb-2009 16:08:06]	[2]	admin	Topic	Topic under IDs 6 has been sticked.
[6-Feb-2009 16:09:55]	[2]	admin	Post	Post under ID 6 has been deleted.
[6-Feb-2009 16:13:48]	[2]	admin	Extension	Extension "pun_admin_add_user" has been enabled.
[6-Feb-2009 16:13:56]	[2]	admin	Extension	Extension "pun_admin_clear_cache" has been enabled.
[6-Feb-2009 16:14:04]	[2]	admin	Extension	Extension "pun_attachment" has been enabled.
[7-Feb-2009 12:51:12]	[11]	koval	Post	Post under ID 46 has been deleted.
[7-Feb-2009 12:51:50]	[11]	koval	Topic	Topic under ID 40 has been deleted.
